<?xml version="1.0" encoding="UTF-8"?>
<coverage generated="1569436735">
  <project timestamp="1569436735">
    <file name="/home/aspov/project2/src/cli.php">
      <line num="21" type="stmt" count="0"/>
      <line num="22" type="stmt" count="0"/>
      <line num="23" type="stmt" count="0"/>
      <line num="24" type="stmt" count="0"/>
      <line num="25" type="stmt" count="0"/>
      <line num="26" type="stmt" count="0"/>
      <line num="27" type="stmt" count="0"/>
      <line num="28" type="stmt" count="0"/>
      <metrics loc="28" ncloc="28" classes="0" methods="0" coveredmethods="0" conditionals="0" coveredconditionals="0" statements="8" coveredstatements="0" elements="8" coveredelements="0"/>
    </file>
    <file name="/home/aspov/project2/src/differ.php">
      <line num="11" type="stmt" count="5"/>
      <line num="12" type="stmt" count="5"/>
      <line num="13" type="stmt" count="5"/>
      <line num="14" type="stmt" count="5"/>
      <line num="15" type="stmt" count="3"/>
      <line num="16" type="stmt" count="2"/>
      <line num="17" type="stmt" count="1"/>
      <line num="18" type="stmt" count="1"/>
      <line num="19" type="stmt" count="1"/>
      <line num="21" type="stmt" count="0"/>
      <line num="26" type="stmt" count="5"/>
      <line num="27" type="stmt" count="5"/>
      <line num="28" type="stmt" count="5"/>
      <line num="29" type="stmt" count="5"/>
      <line num="30" type="stmt" count="5"/>
      <line num="31" type="stmt" count="3"/>
      <line num="32" type="stmt" count="5"/>
      <line num="33" type="stmt" count="5"/>
      <line num="34" type="stmt" count="5"/>
      <line num="36" type="stmt" count="5"/>
      <line num="37" type="stmt" count="5"/>
      <line num="39" type="stmt" count="5"/>
      <line num="40" type="stmt" count="5"/>
      <line num="41" type="stmt" count="5"/>
      <line num="42" type="stmt" count="5"/>
      <line num="43" type="stmt" count="5"/>
      <line num="44" type="stmt" count="5"/>
      <line num="46" type="stmt" count="5"/>
      <line num="47" type="stmt" count="5"/>
      <line num="48" type="stmt" count="5"/>
      <line num="49" type="stmt" count="5"/>
      <line num="54" type="stmt" count="5"/>
      <line num="55" type="stmt" count="5"/>
      <line num="57" type="stmt" count="5"/>
      <line num="58" type="stmt" count="4"/>
      <line num="60" type="stmt" count="5"/>
      <line num="61" type="stmt" count="1"/>
      <line num="63" type="stmt" count="5"/>
      <line num="64" type="stmt" count="3"/>
      <line num="66" type="stmt" count="5"/>
      <line num="68" type="stmt" count="5"/>
      <line num="69" type="stmt" count="5"/>
      <line num="70" type="stmt" count="5"/>
      <metrics loc="71" ncloc="71" classes="0" methods="0" coveredmethods="0" conditionals="0" coveredconditionals="0" statements="43" coveredstatements="42" elements="43" coveredelements="42"/>
    </file>
    <file name="/home/aspov/project2/src/formatters/jsonFormatter.php">
      <line num="6" type="stmt" count="1"/>
      <metrics loc="7" ncloc="7" classes="0" methods="0" coveredmethods="0" conditionals="0" coveredconditionals="0" statements="1" coveredstatements="1" elements="1" coveredelements="1"/>
    </file>
    <file name="/home/aspov/project2/src/formatters/plainFormatter.php">
      <line num="9" type="stmt" count="1"/>
      <line num="10" type="stmt" count="1"/>
      <line num="11" type="stmt" count="1"/>
      <line num="12" type="stmt" count="1"/>
      <line num="13" type="stmt" count="1"/>
      <line num="14" type="stmt" count="1"/>
      <line num="15" type="stmt" count="1"/>
      <line num="16" type="stmt" count="1"/>
      <line num="17" type="stmt" count="1"/>
      <line num="18" type="stmt" count="1"/>
      <line num="20" type="stmt" count="1"/>
      <line num="21" type="stmt" count="1"/>
      <line num="22" type="stmt" count="1"/>
      <line num="24" type="stmt" count="1"/>
      <line num="25" type="stmt" count="1"/>
      <line num="26" type="stmt" count="1"/>
      <metrics loc="27" ncloc="27" classes="0" methods="0" coveredmethods="0" conditionals="0" coveredconditionals="0" statements="16" coveredstatements="16" elements="16" coveredelements="16"/>
    </file>
    <file name="/home/aspov/project2/src/formatters/prettyFormatter.php">
      <line num="7" type="stmt" count="3"/>
      <line num="8" type="stmt" count="3"/>
      <line num="9" type="stmt" count="3"/>
      <line num="10" type="stmt" count="3"/>
      <line num="11" type="stmt" count="3"/>
      <line num="12" type="stmt" count="3"/>
      <line num="13" type="stmt" count="3"/>
      <line num="14" type="stmt" count="3"/>
      <line num="16" type="stmt" count="3"/>
      <line num="18" type="stmt" count="3"/>
      <line num="19" type="stmt" count="1"/>
      <line num="20" type="stmt" count="1"/>
      <line num="21" type="stmt" count="1"/>
      <line num="23" type="stmt" count="3"/>
      <line num="24" type="stmt" count="3"/>
      <line num="25" type="stmt" count="3"/>
      <metrics loc="26" ncloc="26" classes="0" methods="0" coveredmethods="0" conditionals="0" coveredconditionals="0" statements="16" coveredstatements="16" elements="16" coveredelements="16"/>
    </file>
    <file name="/home/aspov/project2/src/parsers.php">
      <line num="8" type="stmt" count="5"/>
      <line num="9" type="stmt" count="5"/>
      <line num="10" type="stmt" count="5"/>
      <line num="11" type="stmt" count="5"/>
      <line num="12" type="stmt" count="5"/>
      <line num="13" type="stmt" count="4"/>
      <line num="14" type="stmt" count="1"/>
      <line num="15" type="stmt" count="1"/>
      <line num="17" type="stmt" count="0"/>
      <metrics loc="19" ncloc="19" classes="0" methods="0" coveredmethods="0" conditionals="0" coveredconditionals="0" statements="9" coveredstatements="8" elements="9" coveredelements="8"/>
    </file>
    <metrics files="6" loc="178" ncloc="178" classes="0" methods="0" coveredmethods="0" conditionals="0" coveredconditionals="0" statements="93" coveredstatements="83" elements="93" coveredelements="83"/>
  </project>
</coverage>
